{
"contracts\\AucEngine.sol":{"l":{"28":9,"32":2,"34":2,"36":2,"47":2,"49":2,"53":1,"54":1,"55":1,"56":1,"57":1,"61":2,"62":2,"63":1,"64":1,"65":1,"66":1,"67":1,"68":1,"69":1,"70":1,"72":1,"77":1},"path":"C:\\Users\\Артём\\Desktop\\solidity\\lesson\\contracts\\AucEngine.sol","s":{"1":9,"2":2,"3":2,"4":2,"5":2,"6":2,"7":1,"8":1,"9":1,"10":1,"11":1,"12":2,"13":2,"14":1,"15":1,"16":1,"17":1,"18":1,"19":1,"20":1,"21":1,"22":1,"23":1},"b":{"1":[2,0],"2":[1,0],"3":[1,1],"4":[1,0],"5":[1,0],"6":[1,0]},"f":{"1":9,"2":2,"3":1,"4":2},"fnMap":{"1":{"name":"constructor","line":27,"loc":{"start":{"line":27,"column":4},"end":{"line":29,"column":4}}},"2":{"name":"createAuction","line":31,"loc":{"start":{"line":31,"column":4},"end":{"line":50,"column":4}}},"3":{"name":"getPriceFor","line":52,"loc":{"start":{"line":52,"column":4},"end":{"line":58,"column":4}}},"4":{"name":"buy","line":60,"loc":{"start":{"line":60,"column":4},"end":{"line":78,"column":4}}}},"statementMap":{"1":{"start":{"line":28,"column":8},"end":{"line":28,"column":25}},"2":{"start":{"line":32,"column":8},"end":{"line":32,"column":61}},"3":{"start":{"line":34,"column":8},"end":{"line":34,"column":86}},"4":{"start":{"line":36,"column":8},"end":{"line":36,"column":1118}},"5":{"start":{"line":47,"column":8},"end":{"line":47,"column":32}},"6":{"start":{"line":49,"column":8},"end":{"line":49,"column":81}},"7":{"start":{"line":53,"column":8},"end":{"line":53,"column":49}},"8":{"start":{"line":54,"column":8},"end":{"line":54,"column":45}},"9":{"start":{"line":55,"column":8},"end":{"line":55,"column":57}},"10":{"start":{"line":56,"column":8},"end":{"line":56,"column":55}},"11":{"start":{"line":57,"column":8},"end":{"line":57,"column":48}},"12":{"start":{"line":61,"column":8},"end":{"line":61,"column":50}},"13":{"start":{"line":62,"column":8},"end":{"line":62,"column":45}},"14":{"start":{"line":63,"column":8},"end":{"line":63,"column":59}},"15":{"start":{"line":64,"column":8},"end":{"line":64,"column":40}},"16":{"start":{"line":65,"column":8},"end":{"line":65,"column":56}},"17":{"start":{"line":66,"column":8},"end":{"line":66,"column":30}},"18":{"start":{"line":67,"column":8},"end":{"line":67,"column":35}},"19":{"start":{"line":68,"column":8},"end":{"line":68,"column":40}},"20":{"start":{"line":69,"column":8},"end":{"line":69,"column":2504}},"21":{"start":{"line":70,"column":12},"end":{"line":70,"column":47}},"22":{"start":{"line":72,"column":8},"end":{"line":72,"column":2592}},"23":{"start":{"line":77,"column":8},"end":{"line":77,"column":52}}},"branchMap":{"1":{"line":34,"type":"if","locations":[{"start":{"line":34,"column":8},"end":{"line":34,"column":8}},{"start":{"line":34,"column":8},"end":{"line":34,"column":8}}]},"2":{"line":54,"type":"if","locations":[{"start":{"line":54,"column":8},"end":{"line":54,"column":8}},{"start":{"line":54,"column":8},"end":{"line":54,"column":8}}]},"3":{"line":62,"type":"if","locations":[{"start":{"line":62,"column":8},"end":{"line":62,"column":8}},{"start":{"line":62,"column":8},"end":{"line":62,"column":8}}]},"4":{"line":63,"type":"if","locations":[{"start":{"line":63,"column":8},"end":{"line":63,"column":8}},{"start":{"line":63,"column":8},"end":{"line":63,"column":8}}]},"5":{"line":65,"type":"if","locations":[{"start":{"line":65,"column":8},"end":{"line":65,"column":8}},{"start":{"line":65,"column":8},"end":{"line":65,"column":8}}]},"6":{"line":69,"type":"if","locations":[{"start":{"line":69,"column":8},"end":{"line":69,"column":8}},{"start":{"line":69,"column":8},"end":{"line":69,"column":8}}]}}},
"contracts\\lesson7.sol":{"l":{"23":0,"28":0,"29":0,"34":0,"40":0,"44":0},"path":"C:\\Users\\Артём\\Desktop\\solidity\\lesson\\contracts\\lesson7.sol","s":{"1":0,"2":0,"3":0,"4":0,"5":0,"6":0},"b":{},"f":{"1":0,"2":0,"3":0,"4":0,"5":0,"6":0},"fnMap":{"1":{"name":null,"line":15,"loc":{"start":{"line":15,"column":4},"end":{"line":17,"column":4}}},"2":{"name":"pay","line":22,"loc":{"start":{"line":22,"column":4},"end":{"line":24,"column":4}}},"3":{"name":"setMessage","line":27,"loc":{"start":{"line":27,"column":4},"end":{"line":30,"column":4}}},"4":{"name":"getBalance","line":33,"loc":{"start":{"line":33,"column":4},"end":{"line":36,"column":4}}},"5":{"name":"getMessage","line":39,"loc":{"start":{"line":39,"column":4},"end":{"line":41,"column":4}}},"6":{"name":"rate","line":43,"loc":{"start":{"line":43,"column":4},"end":{"line":45,"column":4}}}},"statementMap":{"1":{"start":{"line":23,"column":8},"end":{"line":23,"column":27}},"2":{"start":{"line":28,"column":8},"end":{"line":28,"column":27}},"3":{"start":{"line":29,"column":8},"end":{"line":29,"column":22}},"4":{"start":{"line":34,"column":8},"end":{"line":34,"column":39}},"5":{"start":{"line":40,"column":8},"end":{"line":40,"column":22}},"6":{"start":{"line":44,"column":8},"end":{"line":44,"column":25}}},"branchMap":{}},
"contracts\\Payments.sol":{"l":{"21":0,"25":0,"29":0,"30":0,"32":0,"39":0,"41":0},"path":"C:\\Users\\Артём\\Desktop\\solidity\\lesson\\contracts\\Payments.sol","s":{"1":0,"2":0,"3":0,"4":0,"5":0,"6":0},"b":{},"f":{"1":0,"2":0,"3":0},"fnMap":{"1":{"name":"currentBalance","line":20,"loc":{"start":{"line":20,"column":4},"end":{"line":22,"column":4}}},"2":{"name":"getPayment","line":24,"loc":{"start":{"line":24,"column":4},"end":{"line":26,"column":4}}},"3":{"name":"pay","line":28,"loc":{"start":{"line":28,"column":4},"end":{"line":42,"column":4}}}},"statementMap":{"1":{"start":{"line":21,"column":8},"end":{"line":21,"column":36}},"2":{"start":{"line":25,"column":8},"end":{"line":25,"column":47}},"3":{"start":{"line":29,"column":8},"end":{"line":29,"column":60}},"4":{"start":{"line":32,"column":8},"end":{"line":32,"column":824}},"5":{"start":{"line":39,"column":8},"end":{"line":39,"column":61}},"6":{"start":{"line":41,"column":8},"end":{"line":41,"column":24}}},"branchMap":{}}}
