TN:
SF:C:\Users\Артём\Desktop\solidity\lesson\contracts\AucEngine.sol
FN:27,constructor
FN:31,createAuction
FN:52,getPriceFor
FN:60,buy
FNF:4
FNH:4
FNDA:9,constructor
FNDA:2,createAuction
FNDA:1,getPriceFor
FNDA:2,buy
DA:28,9
DA:32,2
DA:34,2
DA:36,2
DA:47,2
DA:49,2
DA:53,1
DA:54,1
DA:55,1
DA:56,1
DA:57,1
DA:61,2
DA:62,2
DA:63,1
DA:64,1
DA:65,1
DA:66,1
DA:67,1
DA:68,1
DA:69,1
DA:70,1
DA:72,1
DA:77,1
LF:23
LH:23
BRDA:34,1,0,2
BRDA:34,1,1,0
BRDA:54,2,0,1
BRDA:54,2,1,0
BRDA:62,3,0,1
BRDA:62,3,1,1
BRDA:63,4,0,1
BRDA:63,4,1,0
BRDA:65,5,0,1
BRDA:65,5,1,0
BRDA:69,6,0,1
BRDA:69,6,1,0
BRF:12
BRH:7
end_of_record
TN:
SF:C:\Users\Артём\Desktop\solidity\lesson\contracts\lesson7.sol
FN:15,
FN:22,pay
FN:27,setMessage
FN:33,getBalance
FN:39,getMessage
FN:43,rate
FNF:6
FNH:0
FNDA:0,
FNDA:0,pay
FNDA:0,setMessage
FNDA:0,getBalance
FNDA:0,getMessage
FNDA:0,rate
DA:23,0
DA:28,0
DA:29,0
DA:34,0
DA:40,0
DA:44,0
LF:6
LH:0
BRF:0
BRH:0
end_of_record
TN:
SF:C:\Users\Артём\Desktop\solidity\lesson\contracts\Payments.sol
FN:20,currentBalance
FN:24,getPayment
FN:28,pay
FNF:3
FNH:0
FNDA:0,currentBalance
FNDA:0,getPayment
FNDA:0,pay
DA:21,0
DA:25,0
DA:29,0
DA:30,0
DA:32,0
DA:39,0
DA:41,0
LF:7
LH:0
BRF:0
BRH:0
end_of_record
